2026-02-17T23:10:15.724+01:00 TRACE 87405 --- [http-nio-8086-exec-4] org.hibernate.orm.jdbc.bind              : binding parameter (5:VARCHAR) <- [Syrian Arab Republic]

2026-02-17T23:10:15.725+01:00 TRACE 87405 --- [http-nio-8086-exec-4] org.hibernate.orm.jdbc.bind              : binding parameter (6:VARCHAR) <- [null]

2026-02-17T23:10:15.725+01:00 TRACE 87405 --- [http-nio-8086-exec-4] org.hibernate.orm.jdbc.bind              : binding parameter (7:UUID) <- [85926883-37fd-4c11-b2d8-4c9a27083262]

2026-02-17T23:10:15.725+01:00 DEBUG 87405 --- [http-nio-8086-exec-4] org.hibernate.SQL                        : select c1_0.id,c1_0.flag_png,c1_0.flag_svg,c1_0.iso2,c1_0.iso3,c1_0.name,c1_0.timezone from country c1_0 where c1_0.iso2=?

2026-02-17T23:10:15.725+01:00 TRACE 87405 --- [http-nio-8086-exec-4] org.hibernate.orm.jdbc.bind              : binding parameter (1:VARCHAR) <- [TW]

2026-02-17T23:10:15.726+01:00 DEBUG 87405 --- [http-nio-8086-exec-4] org.hibernate.SQL                        : insert into country (flag_png,flag_svg,iso2,iso3,name,timezone,id) values (?,?,?,?,?,?,?)

2026-02-17T23:10:15.726+01:00 TRACE 87405 --- [http-nio-8086-exec-4] org.hibernate.orm.jdbc.bind              : binding parameter (1:VARCHAR) <- [https://flagcdn.com/w320/tw.png]

2026-02-17T23:10:15.726+01:00 TRACE 87405 --- [http-nio-8086-exec-4] org.hibernate.orm.jdbc.bind              : binding parameter (2:VARCHAR) <- [https://flagcdn.com/tw.svg]

2026-02-17T23:10:15.726+01:00 TRACE 87405 --- [http-nio-8086-exec-4] org.hibernate.orm.jdbc.bind              : binding parameter (3:VARCHAR) <- [TW]

2026-02-17T23:10:15.726+01:00 TRACE 87405 --- [http-nio-8086-exec-4] org.hibernate.orm.jdbc.bind              : binding parameter (4:VARCHAR) <- [TWN]

2026-02-17T23:10:15.726+01:00 TRACE 87405 --- [http-nio-8086-exec-4] org.hibernate.orm.jdbc.bind              : binding parameter (5:VARCHAR) <- [Taiwan]

2026-02-17T23:10:15.726+01:00 TRACE 87405 --- [http-nio-8086-exec-4] org.hibernate.orm.jdbc.bind              : binding parameter (6:VARCHAR) <- [null]

2026-02-17T23:10:15.726+01:00 TRACE 87405 --- [http-nio-8086-exec-4] org.hibernate.orm.jdbc.bind              : binding parameter (7:UUID) <- [c1f29e74-8655-4340-9bed-a8b04be6f796]

2026-02-17T23:10:15.726+01:00 DEBUG 87405 --- [http-nio-8086-exec-4] org.hibernate.SQL                        : select c1_0.id,c1_0.flag_png,c1_0.flag_svg,c1_0.iso2,c1_0.iso3,c1_0.name,c1_0.timezone from country c1_0 where c1_0.iso2=?

2026-02-17T23:10:15.726+01:00 TRACE 87405 --- [http-nio-8086-exec-4] org.hibernate.orm.jdbc.bind              : binding parameter (1:VARCHAR) <- [TJ]

2026-02-17T23:10:15.727+01:00 DEBUG 87405 --- [http-nio-8086-exec-4] org.hibernate.SQL                        : insert into country (flag_png,flag_svg,iso2,iso3,name,timezone,id) values (?,?,?,?,?,?,?)

2026-02-17T23:10:15.727+01:00 TRACE 87405 --- [http-nio-8086-exec-4] org.hibernate.orm.jdbc.bind              : binding parameter (1:VARCHAR) <- [https://flagcdn.com/w320/tj.png]

2026-02-17T23:10:15.727+01:00 TRACE 87405 --- [http-nio-8086-exec-4] org.hibernate.orm.jdbc.bind              : binding parameter (2:VARCHAR) <- [https://flagcdn.com/tj.svg]

2026-02-17T23:10:15.727+01:00 TRACE 87405 --- [http-nio-8086-exec-4] org.hibernate.orm.jdbc.bind              : binding parameter (3:VARCHAR) <- [TJ]

2026-02-17T23:10:15.727+01:00 TRACE 87405 --- [http-nio-8086-exec-4] org.hibernate.orm.jdbc.bind              : binding parameter (4:VARCHAR) <- [TJK]

2026-02-17T23:10:15.727+01:00 TRACE 87405 --- [http-nio-8086-exec-4] org.hibernate.orm.jdbc.bind              : binding parameter (5:VARCHAR) <- [Tajikistan]

2026-02-17T23:10:15.727+01:00 TRACE 87405 --- [http-nio-8086-exec-4] org.hibernate.orm.jdbc.bind              : binding parameter (6:VARCHAR) <- [null]

2026-02-17T23:10:15.727+01:00 TRACE 87405 --- [http-nio-8086-exec-4] org.hibernate.orm.jdbc.bind              : binding parameter (7:UUID) <- [16af8fc5-cb25-49a3-9a34-d22ef9c2dfaf]

2026-02-17T23:10:15.727+01:00 DEBUG 87405 --- [http-nio-8086-exec-4] org.hibernate.SQL                        : select c1_0.id,c1_0.flag_png,c1_0.flag_svg,c1_0.iso2,c1_0.iso3,c1_0.name,c1_0.timezone from country c1_0 where c1_0.iso2=?

2026-02-17T23:10:15.727+01:00 TRACE 87405 --- [http-nio-8086-exec-4] org.hibernate.orm.jdbc.bind              : binding parameter (1:VARCHAR) <- [TZ]

2026-02-17T23:10:15.727+01:00 DEBUG 87405 --- [http-nio-8086-exec-4] org.hibernate.SQL                        : insert into country (flag_png,flag_svg,iso2,iso3,name,timezone,id) values (?,?,?,?,?,?,?)

2026-02-17T23:10:15.727+01:00 TRACE 87405 --- [http-nio-8086-exec-4] org.hibernate.orm.jdbc.bind              : binding parameter (1:VARCHAR) <- [https://flagcdn.com/w320/tz.png]

2026-02-17T23:10:15.728+01:00 TRACE 87405 --- [http-nio-8086-exec-4] org.hibernate.orm.jdbc.bind              : binding parameter (2:VARCHAR) <- [https://flagcdn.com/tz.svg]

2026-02-17T23:10:15.728+01:00 TRACE 87405 --- [http-nio-8086-exec-4] org.hibernate.orm.jdbc.bind              : binding parameter (3:VARCHAR) <- [TZ]

2026-02-17T23:10:15.728+01:00 TRACE 87405 --- [http-nio-8086-exec-4] org.hibernate.orm.jdbc.bind              : binding parameter (4:VARCHAR) <- [TZA]

2026-02-17T23:10:15.728+01:00 TRACE 87405 --- [http-nio-8086-exec-4] org.hibernate.orm.jdbc.bind              : binding parameter (5:VARCHAR) <- [Tanzania, United Republic of]

2026-02-17T23:10:15.728+01:00 TRACE 87405 --- [http-nio-8086-exec-4] org.hibernate.orm.jdbc.bind              : binding parameter (6:VARCHAR) <- [null]

2026-02-17T23:10:15.728+01:00 TRACE 87405 --- [http-nio-8086-exec-4] org.hibernate.orm.jdbc.bind              : binding parameter (7:UUID) <- [40509277-d917-46e8-989a-c835b103481a]

2026-02-17T23:10:15.728+01:00 DEBUG 87405 --- [http-nio-8086-exec-4] org.hibernate.SQL                        : select c1_0.id,c1_0.flag_png,c1_0.flag_svg,c1_0.iso2,c1_0.iso3,c1_0.name,c1_0.timezone from country c1_0 where c1_0.iso2=?

2026-02-17T23:10:15.728+01:00 TRACE 87405 --- [http-nio-8086-exec-4] org.hibernate.orm.jdbc.bind              : binding parameter (1:VARCHAR) <- [TH]

2026-02-17T23:10:15.728+01:00 DEBUG 87405 --- [http-nio-8086-exec-4] org.hibernate.SQL                        : insert into country (flag_png,flag_svg,iso2,iso3,name,timezone,id) values (?,?,?,?,?,?,?)

2026-02-17T23:10:15.728+01:00 TRACE 87405 --- [http-nio-8086-exec-4] org.hibernate.orm.jdbc.bind              : binding parameter (1:VARCHAR) <- [https://flagcdn.com/w320/th.png]

2026-02-17T23:10:15.728+01:00 TRACE 87405 --- [http-nio-8086-exec-4] org.hibernate.orm.jdbc.bind              : binding parameter (2:VARCHAR) <- [https://flagcdn.com/th.svg]

2026-02-17T23:10:15.728+01:00 TRACE 87405 --- [http-nio-8086-exec-4] org.hibernate.orm.jdbc.bind              : binding parameter (3:VARCHAR) <- [TH]

2026-02-17T23:10:15.728+01:00 TRACE 87405 --- [http-nio-8086-exec-4] org.hibernate.orm.jdbc.bind              : binding parameter (4:VARCHAR) <- [THA]

2026-02-17T23:10:15.728+01:00 TRACE 87405 --- [http-nio-8086-exec-4] org.hibernate.orm.jdbc.bind              : binding parameter (5:VARCHAR) <- [Thailand]

2026-02-17T23:10:15.728+01:00 TRACE 87405 --- [http-nio-8086-exec-4] org.hibernate.orm.jdbc.bind              : binding parameter (6:VARCHAR) <- [null]

2026-02-17T23:10:15.728+01:00 TRACE 87405 --- [http-nio-8086-exec-4] org.hibernate.orm.jdbc.bind              : binding parameter (7:UUID) <- [831dbf81-79a7-419c-9f30-b0fa10c50f8e]

2026-02-17T23:10:15.729+01:00 DEBUG 87405 --- [http-nio-8086-exec-4] org.hibernate.SQL                        : select c1_0.id,c1_0.flag_png,c1_0.flag_svg,c1_0.iso2,c1_0.iso3,c1_0.name,c1_0.timezone from country c1_0 where c1_0.iso2=?

2026-02-17T23:10:15.729+01:00 TRACE 87405 --- [http-nio-8086-exec-4] org.hibernate.orm.jdbc.bind              : binding parameter (1:VARCHAR) <- [TL]

2026-02-17T23:10:15.729+01:00 DEBUG 87405 --- [http-nio-8086-exec-4] org.hibernate.SQL                        : insert into country (flag_png,flag_svg,iso2,iso3,name,timezone,id) values (?,?,?,?,?,?,?)

2026-02-17T23:10:15.729+01:00 TRACE 87405 --- [http-nio-8086-exec-4] org.hibernate.orm.jdbc.bind              : binding parameter (1:VARCHAR) <- [https://flagcdn.com/w320/tl.png]

2026-02-17T23:10:15.729+01:00 TRACE 87405 --- [http-nio-8086-exec-4] org.hibernate.orm.jdbc.bind              : binding parameter (2:VARCHAR) <- [https://flagcdn.com/tl.svg]

2026-02-17T23:10:15.729+01:00 TRACE 87405 --- [http-nio-8086-exec-4] org.hibernate.orm.jdbc.bind              : binding parameter (3:VARCHAR) <- [TL]

2026-02-17T23:10:15.729+01:00 TRACE 87405 --- [http-nio-8086-exec-4] org.hibernate.orm.jdbc.bind              : binding parameter (4:VARCHAR) <- [TLS]

2026-02-17T23:10:15.729+01:00 TRACE 87405 --- [http-nio-8086-exec-4] org.hibernate.orm.jdbc.bind              : binding parameter (5:VARCHAR) <- [Timor-Leste]

2026-02-17T23:10:15.729+01:00 TRACE 87405 --- [http-nio-8086-exec-4] org.hibernate.orm.jdbc.bind              : binding parameter (6:VARCHAR) <- [null]

2026-02-17T23:10:15.729+01:00 TRACE 87405 --- [http-nio-8086-exec-4] org.hibernate.orm.jdbc.bind              : binding parameter (7:UUID) <- [ab9eefbd-b6fb-46f4-b8d5-44224e56d9f4]

2026-02-17T23:10:15.729+01:00 DEBUG 87405 --- [http-nio-8086-exec-4] org.hibernate.SQL                        : select c1_0.id,c1_0.flag_png,c1_0.flag_svg,c1_0.iso2,c1_0.iso3,c1_0.name,c1_0.timezone from country c1_0 where c1_0.iso2=?

2026-02-17T23:10:15.729+01:00 TRACE 87405 --- [http-nio-8086-exec-4] org.hibernate.orm.jdbc.bind              : binding parameter (1:VARCHAR) <- [TG]

2026-02-17T23:10:15.730+01:00 DEBUG 87405 --- [http-nio-8086-exec-4] org.hibernate.SQL                        : insert into country (flag_png,flag_svg,iso2,iso3,name,timezone,id) values (?,?,?,?,?,?,?)

2026-02-17T23:10:15.730+01:00 TRACE 87405 --- [http-nio-8086-exec-4] org.hibernate.orm.jdbc.bind              : binding parameter (1:VARCHAR) <- [https://flagcdn.com/w320/tg.png]

2026-02-17T23:10:15.730+01:00 TRACE 87405 --- [http-nio-8086-exec-4] org.hibernate.orm.jdbc.bind              : binding parameter (2:VARCHAR) <- [https://flagcdn.com/tg.svg]

2026-02-17T23:10:15.730+01:00 TRACE 87405 --- [http-nio-8086-exec-4] org.hibernate.orm.jdbc.bind              : binding parameter (3:VARCHAR) <- [TG]

2026-02-17T23:10:15.730+01:00 TRACE 87405 --- [http-nio-8086-exec-4] org.hibernate.orm.jdbc.bind              : binding parameter (4:VARCHAR) <- [TGO]

2026-02-17T23:10:15.730+01:00 TRACE 87405 --- [http-nio-8086-exec-4] org.hibernate.orm.jdbc.bind              : binding parameter (5:VARCHAR) <- [Togo]

2026-02-17T23:10:15.730+01:00 TRACE 87405 --- [http-nio-8086-exec-4] org.hibernate.orm.jdbc.bind              : binding parameter (6:VARCHAR) <- [null]

2026-02-17T23:10:15.730+01:00 TRACE 87405 --- [http-nio-8086-exec-4] org.hibernate.orm.jdbc.bind              : binding parameter (7:UUID) <- [132803bf-d322-4e20-916d-44357730a418]

2026-02-17T23:10:15.730+01:00 DEBUG 87405 --- [http-nio-8086-exec-4] org.hibernate.SQL                        : select c1_0.id,c1_0.flag_png,c1_0.flag_svg,c1_0.iso2,c1_0.iso3,c1_0.name,c1_0.timezone from country c1_0 where c1_0.iso2=?

2026-02-17T23:10:15.730+01:00 TRACE 87405 --- [http-nio-8086-exec-4] org.hibernate.orm.jdbc.bind              : binding parameter (1:VARCHAR) <- [TK]

2026-02-17T23:10:15.731+01:00 DEBUG 87405 --- [http-nio-8086-exec-4] org.hibernate.SQL                        : insert into country (flag_png,flag_svg,iso2,iso3,name,timezone,id) values (?,?,?,?,?,?,?)

2026-02-17T23:10:15.731+01:00 TRACE 87405 --- [http-nio-8086-exec-4] org.hibernate.orm.jdbc.bind              : binding parameter (1:VARCHAR) <- [https://flagcdn.com/w320/tk.png]

2026-02-17T23:10:15.731+01:00 TRACE 87405 --- [http-nio-8086-exec-4] org.hibernate.orm.jdbc.bind              : binding parameter (2:VARCHAR) <- [https://flagcdn.com/tk.svg]

2026-02-17T23:10:15.731+01:00 TRACE 87405 --- [http-nio-8086-exec-4] org.hibernate.orm.jdbc.bind              : binding parameter (3:VARCHAR) <- [TK]

2026-02-17T23:10:15.731+01:00 TRACE 87405 --- [http-nio-8086-exec-4] org.hibernate.orm.jdbc.bind              : binding parameter (4:VARCHAR) <- [TKL]

2026-02-17T23:10:15.731+01:00 TRACE 87405 --- [http-nio-8086-exec-4] org.hibernate.orm.jdbc.bind              : binding parameter (5:VARCHAR) <- [Tokelau]

2026-02-17T23:10:15.731+01:00 TRACE 87405 --- [http-nio-8086-exec-4] org.hibernate.orm.jdbc.bind              : binding parameter (6:VARCHAR) <- [null]

2026-02-17T23:10:15.731+01:00 TRACE 87405 --- [http-nio-8086-exec-4] org.hibernate.orm.jdbc.bind              : binding parameter (7:UUID) <- [ef8379bc-9691-45c9-aa7b-7dc87e3daf65]

2026-02-17T23:10:15.731+01:00 DEBUG 87405 --- [http-nio-8086-exec-4] org.hibernate.SQL                        : select c1_0.id,c1_0.flag_png,c1_0.flag_svg,c1_0.iso2,c1_0.iso3,c1_0.name,c1_0.timezone from country c1_0 where c1_0.iso2=?

2026-02-17T23:10:15.731+01:00 TRACE 87405 --- [http-nio-8086-exec-4] org.hibernate.orm.jdbc.bind              : binding parameter (1:VARCHAR) <- [TO]

2026-02-17T23:10:15.732+01:00 DEBUG 87405 --- [http-nio-8086-exec-4] org.hibernate.SQL                        : insert into country (flag_png,flag_svg,iso2,iso3,name,timezone,id) values (?,?,?,?,?,?,?)

2026-02-17T23:10:15.732+01:00 TRACE 87405 --- [http-nio-8086-exec-4] org.hibernate.orm.jdbc.bind              : binding parameter (1:VARCHAR) <- [https://flagcdn.com/w320/to.png]

2026-02-17T23:10:15.732+01:00 TRACE 87405 --- [http-nio-8086-exec-4] org.hibernate.orm.jdbc.bind              : binding parameter (2:VARCHAR) <- [https://flagcdn.com/to.svg]

2026-02-17T23:10:15.732+01:00 TRACE 87405 --- [http-nio-8086-exec-4] org.hibernate.orm.jdbc.bind              : binding parameter (3:VARCHAR) <- [TO]

2026-02-17T23:10:15.732+01:00 TRACE 87405 --- [http-nio-8086-exec-4] org.hibernate.orm.jdbc.bind              : binding parameter (4:VARCHAR) <- [TON]

2026-02-17T23:10:15.732+01:00 TRACE 87405 --- [http-nio-8086-exec-4] org.hibernate.orm.jdbc.bind              : binding parameter (5:VARCHAR) <- [Tonga]

2026-02-17T23:10:15.732+01:00 TRACE 87405 --- [http-nio-8086-exec-4] org.hibernate.orm.jdbc.bind              : binding parameter (6:VARCHAR) <- [null]

2026-02-17T23:10:15.732+01:00 TRACE 87405 --- [http-nio-8086-exec-4] org.hibernate.orm.jdbc.bind              : binding parameter (7:UUID) <- [6615c060-d99e-4dc1-8e07-57c8affe808b]

2026-02-17T23:10:15.732+01:00 DEBUG 87405 --- [http-nio-8086-exec-4] org.hibernate.SQL                        : select c1_0.id,c1_0.flag_png,c1_0.flag_svg,c1_0.iso2,c1_0.iso3,c1_0.name,c1_0.timezone from country c1_0 where c1_0.iso2=?

2026-02-17T23:10:15.732+01:00 TRACE 87405 --- [http-nio-8086-exec-4] org.hibernate.orm.jdbc.bind              : binding parameter (1:VARCHAR) <- [TT]

2026-02-17T23:10:15.732+01:00 DEBUG 87405 --- [http-nio-8086-exec-4] org.hibernate.SQL                        : insert into country (flag_png,flag_svg,iso2,iso3,name,timezone,id) values (?,?,?,?,?,?,?)

2026-02-17T23:10:15.732+01:00 TRACE 87405 --- [http-nio-8086-exec-4] org.hibernate.orm.jdbc.bind              : binding parameter (1:VARCHAR) <- [https://flagcdn.com/w320/tt.png]

2026-02-17T23:10:15.732+01:00 TRACE 87405 --- [http-nio-8086-exec-4] org.hibernate.orm.jdbc.bind              : binding parameter (2:VARCHAR) <- [https://flagcdn.com/tt.svg]

2026-02-17T23:10:15.732+01:00 TRACE 87405 --- [http-nio-8086-exec-4] org.hibernate.orm.jdbc.bind              : binding parameter (3:VARCHAR) <- [TT]

2026-02-17T23:10:15.732+01:00 TRACE 87405 --- [http-nio-8086-exec-4] org.hibernate.orm.jdbc.bind              : binding parameter (4:VARCHAR) <- [TTO]

2026-02-17T23:10:15.732+01:00 TRACE 87405 --- [http-nio-8086-exec-4] org.hibernate.orm.jdbc.bind              : binding parameter (5:VARCHAR) <- [Trinidad and Tobago]

2026-02-17T23:10:15.732+01:00 TRACE 87405 --- [http-nio-8086-exec-4] org.hibernate.orm.jdbc.bind              : binding parameter (6:VARCHAR) <- [null]

2026-02-17T23:10:15.732+01:00 TRACE 87405 --- [http-nio-8086-exec-4] org.hibernate.orm.jdbc.bind              : binding parameter (7:UUID) <- [2908df41-729d-40ec-9fef-1c6d47d3a2d4]

2026-02-17T23:10:15.733+01:00 DEBUG 87405 --- [http-nio-8086-exec-4] org.hibernate.SQL                        : select c1_0.id,c1_0.flag_png,c1_0.flag_svg,c1_0.iso2,c1_0.iso3,c1_0.name,c1_0.timezone from country c1_0 where c1_0.iso2=?

2026-02-17T23:10:15.733+01:00 TRACE 87405 --- [http-nio-8086-exec-4] org.hibernate.orm.jdbc.bind              : binding parameter (1:VARCHAR) <- [TN]

2026-02-17T23:10:15.733+01:00 DEBUG 87405 --- [http-nio-8086-exec-4] org.hibernate.SQL                        : insert into country (flag_png,flag_svg,iso2,iso3,name,timezone,id) values (?,?,?,?,?,?,?)

2026-02-17T23:10:15.733+01:00 TRACE 87405 --- [http-nio-8086-exec-4] org.hibernate.orm.jdbc.bind              : binding parameter (1:VARCHAR) <- [https://flagcdn.com/w320/tn.png]

2026-02-17T23:10:15.733+01:00 TRACE 87405 --- [http-nio-8086-exec-4] org.hibernate.orm.jdbc.bind              : binding parameter (2:VARCHAR) <- [https://flagcdn.com/tn.svg]

2026-02-17T23:10:15.733+01:00 TRACE 87405 --- [http-nio-8086-exec-4] org.hibernate.orm.jdbc.bind              : binding parameter (3:VARCHAR) <- [TN]

2026-02-17T23:10:15.733+01:00 TRACE 87405 --- [http-nio-8086-exec-4] org.hibernate.orm.jdbc.bind              : binding parameter (4:VARCHAR) <- [TUN]

2026-02-17T23:10:15.733+01:00 TRACE 87405 --- [http-nio-8086-exec-4] org.hibernate.orm.jdbc.bind              : binding parameter (5:VARCHAR) <- [Tunisia]

2026-02-17T23:10:15.733+01:00 TRACE 87405 --- [http-nio-8086-exec-4] org.hibernate.orm.jdbc.bind              : binding parameter (6:VARCHAR) <- [null]

2026-02-17T23:10:15.733+01:00 TRACE 87405 --- [http-nio-8086-exec-4] org.hibernate.orm.jdbc.bind              : binding parameter (7:UUID) <- [3d2100f7-f847-4b81-80bb-8fbf9e8bda9e]

2026-02-17T23:10:15.733+01:00 DEBUG 87405 --- [http-nio-8086-exec-4] org.hibernate.SQL                        : select c1_0.id,c1_0.flag_png,c1_0.flag_svg,c1_0.iso2,c1_0.iso3,c1_0.name,c1_0.timezone from country c1_0 where c1_0.iso2=?

2026-02-17T23:10:15.733+01:00 TRACE 87405 --- [http-nio-8086-exec-4] org.hibernate.orm.jdbc.bind              : binding parameter (1:VARCHAR) <- [TR]

2026-02-17T23:10:15.734+01:00 DEBUG 87405 --- [http-nio-8086-exec-4] org.hibernate.SQL                        : insert into country (flag_png,flag_svg,iso2,iso3,name,timezone,id) values (?,?,?,?,?,?,?)

2026-02-17T23:10:15.734+01:00 TRACE 87405 --- [http-nio-8086-exec-4] org.hibernate.orm.jdbc.bind              : binding parameter (1:VARCHAR) <- [https://flagcdn.com/w320/tr.png]

2026-02-17T23:10:15.734+01:00 TRACE 87405 --- [http-nio-8086-exec-4] org.hibernate.orm.jdbc.bind              : binding parameter (2:VARCHAR) <- [https://flagcdn.com/tr.svg]

2026-02-17T23:10:15.734+01:00 TRACE 87405 --- [http-nio-8086-exec-4] org.hibernate.orm.jdbc.bind              : binding parameter (3:VARCHAR) <- [TR]

2026-02-17T23:10:15.734+01:00 TRACE 87405 --- [http-nio-8086-exec-4] org.hibernate.orm.jdbc.bind              : binding parameter (4:VARCHAR) <- [TUR]

2026-02-17T23:10:15.734+01:00 TRACE 87405 --- [http-nio-8086-exec-4] org.hibernate.orm.jdbc.bind              : binding parameter (5:VARCHAR) <- [Turkey]

2026-02-17T23:10:15.734+01:00 TRACE 87405 --- [http-nio-8086-exec-4] org.hibernate.orm.jdbc.bind              : binding parameter (6:VARCHAR) <- [null]

2026-02-17T23:10:15.734+01:00 TRACE 87405 --- [http-nio-8086-exec-4] org.hibernate.orm.jdbc.bind              : binding parameter (7:UUID) <- [c512408e-076f-40f2-a3fe-5b40a7f4bce9]

2026-02-17T23:10:15.734+01:00 DEBUG 87405 --- [http-nio-8086-exec-4] org.hibernate.SQL                        : select c1_0.id,c1_0.flag_png,c1_0.flag_svg,c1_0.iso2,c1_0.iso3,c1_0.name,c1_0.timezone from country c1_0 where c1_0.iso2=?

2026-02-17T23:10:15.734+01:00 TRACE 87405 --- [http-nio-8086-exec-4] org.hibernate.orm.jdbc.bind              : binding parameter (1:VARCHAR) <- [TM]

2026-02-17T23:10:15.735+01:00 DEBUG 87405 --- [http-nio-8086-exec-4] org.hibernate.SQL                        : insert into country (flag_png,flag_svg,iso2,iso3,name,timezone,id) values (?,?,?,?,?,?,?)

2026-02-17T23:10:15.735+01:00 TRACE 87405 --- [http-nio-8086-exec-4] org.hibernate.orm.jdbc.bind              : binding parameter (1:VARCHAR) <- [https://flagcdn.com/w320/tm.png]

2026-02-17T23:10:15.735+01:00 TRACE 87405 --- [http-nio-8086-exec-4] org.hibernate.orm.jdbc.bind              : binding parameter (2:VARCHAR) <- [https://flagcdn.com/tm.svg]

2026-02-17T23:10:15.735+01:00 TRACE 87405 --- [http-nio-8086-exec-4] org.hibernate.orm.jdbc.bind              : binding parameter (3:VARCHAR) <- [TM]

2026-02-17T23:10:15.735+01:00 TRACE 87405 --- [http-nio-8086-exec-4] org.hibernate.orm.jdbc.bind              : binding parameter (4:VARCHAR) <- [TKM]

2026-02-17T23:10:15.735+01:00 TRACE 87405 --- [http-nio-8086-exec-4] org.hibernate.orm.jdbc.bind              : binding parameter (5:VARCHAR) <- [Turkmenistan]

2026-02-17T23:10:15.735+01:00 TRACE 87405 --- [http-nio-8086-exec-4] org.hibernate.orm.jdbc.bind              : binding parameter (6:VARCHAR) <- [null]

2026-02-17T23:10:15.735+01:00 TRACE 87405 --- [http-nio-8086-exec-4] org.hibernate.orm.jdbc.bind              : binding parameter (7:UUID) <- [2ad2d5f1-ab0c-4c61-bc40-764010717bd1]

2026-02-17T23:10:15.735+01:00 DEBUG 87405 --- [http-nio-8086-exec-4] org.hibernate.SQL                        : select c1_0.id,c1_0.flag_png,c1_0.flag_svg,c1_0.iso2,c1_0.iso3,c1_0.name,c1_0.timezone from country c1_0 where c1_0.iso2=?

2026-02-17T23:10:15.735+01:00 TRACE 87405 --- [http-nio-8086-exec-4] org.hibernate.orm.jdbc.bind              : binding parameter (1:VARCHAR) <- [TC]

2026-02-17T23:10:15.736+01:00 DEBUG 87405 --- [http-nio-8086-exec-4] org.hibernate.SQL                        : insert into country (flag_png,flag_svg,iso2,iso3,name,timezone,id) values (?,?,?,?,?,?,?)

2026-02-17T23:10:15.736+01:00 TRACE 87405 --- [http-nio-8086-exec-4] org.hibernate.orm.jdbc.bind              : binding parameter (1:VARCHAR) <- [https://flagcdn.com/w320/tc.png]

2026-02-17T23:10:15.736+01:00 TRACE 87405 --- [http-nio-8086-exec-4] org.hibernate.orm.jdbc.bind              : binding parameter (2:VARCHAR) <- [https://flagcdn.com/tc.svg]

2026-02-17T23:10:15.736+01:00 TRACE 87405 --- [http-nio-8086-exec-4] org.hibernate.orm.jdbc.bind              : binding parameter (3:VARCHAR) <- [TC]

2026-02-17T23:10:15.736+01:00 TRACE 87405 --- [http-nio-8086-exec-4] org.hibernate.orm.jdbc.bind              : binding parameter (4:VARCHAR) <- [TCA]

2026-02-17T23:10:15.736+01:00 TRACE 87405 --- [http-nio-8086-exec-4] org.hibernate.orm.jdbc.bind              : binding parameter (5:VARCHAR) <- [Turks and Caicos Islands]

2026-02-17T23:10:15.736+01:00 TRACE 87405 --- [http-nio-8086-exec-4] org.hibernate.orm.jdbc.bind              : binding parameter (6:VARCHAR) <- [null]

2026-02-17T23:10:15.736+01:00 TRACE 87405 --- [http-nio-8086-exec-4] org.hibernate.orm.jdbc.bind              : binding parameter (7:UUID) <- [1e2a36fd-3ad6-4e11-8d74-1ae2d6215cf2]

2026-02-17T23:10:15.736+01:00 DEBUG 87405 --- [http-nio-8086-exec-4] org.hibernate.SQL                        : select c1_0.id,c1_0.flag_png,c1_0.flag_svg,c1_0.iso2,c1_0.iso3,c1_0.name,c1_0.timezone from country c1_0 where c1_0.iso2=?

2026-02-17T23:10:15.736+01:00 TRACE 87405 --- [http-nio-8086-exec-4] org.hibernate.orm.jdbc.bind              : binding parameter (1:VARCHAR) <- [TV]

2026-02-17T23:10:15.736+01:00 DEBUG 87405 --- [http-nio-8086-exec-4] org.hibernate.SQL                        : insert into country (flag_png,flag_svg,iso2,iso3,name,timezone,id) values (?,?,?,?,?,?,?)

2026-02-17T23:10:15.736+01:00 TRACE 87405 --- [http-nio-8086-exec-4] org.hibernate.orm.jdbc.bind              : binding parameter (1:VARCHAR) <- [https://flagcdn.com/w320/tv.png]

2026-02-17T23:10:15.736+01:00 TRACE 87405 --- [http-nio-8086-exec-4] org.hibernate.orm.jdbc.bind              : binding parameter (2:VARCHAR) <- [https://flagcdn.com/tv.svg]

2026-02-17T23:10:15.736+01:00 TRACE 87405 --- [http-nio-8086-exec-4] org.hibernate.orm.jdbc.bind              : binding parameter (3:VARCHAR) <- [TV]

2026-02-17T23:10:15.736+01:00 TRACE 87405 --- [http-nio-8086-exec-4] org.hibernate.orm.jdbc.bind              : binding parameter (4:VARCHAR) <- [TUV]

2026-02-17T23:10:15.736+01:00 TRACE 87405 --- [http-nio-8086-exec-4] org.hibernate.orm.jdbc.bind              : binding parameter (5:VARCHAR) <- [Tuvalu]

2026-02-17T23:10:15.736+01:00 TRACE 87405 --- [http-nio-8086-exec-4] org.hibernate.orm.jdbc.bind              : binding parameter (6:VARCHAR) <- [null]

2026-02-17T23:10:15.736+01:00 TRACE 87405 --- [http-nio-8086-exec-4] org.hibernate.orm.jdbc.bind              : binding parameter (7:UUID) <- [812d3f8f-8bf0-48b5-a11b-3fd4dcd9e24b]

2026-02-17T23:10:15.737+01:00 DEBUG 87405 --- [http-nio-8086-exec-4] org.hibernate.SQL                        : select c1_0.id,c1_0.flag_png,c1_0.flag_svg,c1_0.iso2,c1_0.iso3,c1_0.name,c1_0.timezone from country c1_0 where c1_0.iso2=?

2026-02-17T23:10:15.737+01:00 TRACE 87405 --- [http-nio-8086-exec-4] org.hibernate.orm.jdbc.bind              : binding parameter (1:VARCHAR) <- [UG]

2026-02-17T23:10:15.737+01:00 DEBUG 87405 --- [http-nio-8086-exec-4] org.hibernate.SQL                        : insert into country (flag_png,flag_svg,iso2,iso3,name,timezone,id) values (?,?,?,?,?,?,?)

2026-02-17T23:10:15.737+01:00 TRACE 87405 --- [http-nio-8086-exec-4] org.hibernate.orm.jdbc.bind              : binding parameter (1:VARCHAR) <- [https://flagcdn.com/w320/ug.png]

2026-02-17T23:10:15.737+01:00 TRACE 87405 --- [http-nio-8086-exec-4] org.hibernate.orm.jdbc.bind              : binding parameter (2:VARCHAR) <- [https://flagcdn.com/ug.svg]

2026-02-17T23:10:15.737+01:00 TRACE 87405 --- [http-nio-8086-exec-4] org.hibernate.orm.jdbc.bind              : binding parameter (3:VARCHAR) <- [UG]

2026-02-17T23:10:15.737+01:00 TRACE 87405 --- [http-nio-8086-exec-4] org.hibernate.orm.jdbc.bind              : binding parameter (4:VARCHAR) <- [UGA]

2026-02-17T23:10:15.737+01:00 TRACE 87405 --- [http-nio-8086-exec-4] org.hibernate.orm.jdbc.bind              : binding parameter (5:VARCHAR) <- [Uganda]

2026-02-17T23:10:15.737+01:00 TRACE 87405 --- [http-nio-8086-exec-4] org.hibernate.orm.jdbc.bind              : binding parameter (6:VARCHAR) <- [null]

2026-02-17T23:10:15.737+01:00 TRACE 87405 --- [http-nio-8086-exec-4] org.hibernate.orm.jdbc.bind              : binding parameter (7:UUID) <- [c1eb0c48-5d71-4db0-bf3b-07bd4a2ddfb4]

2026-02-17T23:10:15.738+01:00 DEBUG 87405 --- [http-nio-8086-exec-4] org.hibernate.SQL                        : select c1_0.id,c1_0.flag_png,c1_0.flag_svg,c1_0.iso2,c1_0.iso3,c1_0.name,c1_0.timezone from country c1_0 where c1_0.iso2=?

2026-02-17T23:10:15.738+01:00 TRACE 87405 --- [http-nio-8086-exec-4] org.hibernate.orm.jdbc.bind              : binding parameter (1:VARCHAR) <- [UA]

2026-02-17T23:10:15.738+01:00 DEBUG 87405 --- [http-nio-8086-exec-4] org.hibernate.SQL                        : insert into country (flag_png,flag_svg,iso2,iso3,name,timezone,id) values (?,?,?,?,?,?,?)

2026-02-17T23:10:15.738+01:00 TRACE 87405 --- [http-nio-8086-exec-4] org.hibernate.orm.jdbc.bind              : binding parameter (1:VARCHAR) <- [https://flagcdn.com/w320/ua.png]

2026-02-17T23:10:15.738+01:00 TRACE 87405 --- [http-nio-8086-exec-4] org.hibernate.orm.jdbc.bind              : binding parameter (2:VARCHAR) <- [https://flagcdn.com/ua.svg]

2026-02-17T23:10:15.738+01:00 TRACE 87405 --- [http-nio-8086-exec-4] org.hibernate.orm.jdbc.bind              : binding parameter (3:VARCHAR) <- [UA]

2026-02-17T23:10:15.738+01:00 TRACE 87405 --- [http-nio-8086-exec-4] org.hibernate.orm.jdbc.bind              : binding parameter (4:VARCHAR) <- [UKR]

2026-02-17T23:10:15.738+01:00 TRACE 87405 --- [http-nio-8086-exec-4] org.hibernate.orm.jdbc.bind              : binding parameter (5:VARCHAR) <- [Ukraine]

2026-02-17T23:10:15.738+01:00 TRACE 87405 --- [http-nio-8086-exec-4] org.hibernate.orm.jdbc.bind              : binding parameter (6:VARCHAR) <- [null]

2026-02-17T23:10:15.738+01:00 TRACE 87405 --- [http-nio-8086-exec-4] org.hibernate.orm.jdbc.bind              : binding parameter (7:UUID) <- [95afab92-2874-4f69-8e40-f2b3f249d84a]

2026-02-17T23:10:15.739+01:00 DEBUG 87405 --- [http-nio-8086-exec-4] org.hibernate.SQL                        : select c1_0.id,c1_0.flag_png,c1_0.flag_svg,c1_0.iso2,c1_0.iso3,c1_0.name,c1_0.timezone from country c1_0 where c1_0.iso2=?

2026-02-17T23:10:15.739+01:00 TRACE 87405 --- [http-nio-8086-exec-4] org.hibernate.orm.jdbc.bind              : binding parameter (1:VARCHAR) <- [AE]

2026-02-17T23:10:15.739+01:00 DEBUG 87405 --- [http-nio-8086-exec-4] org.hibernate.SQL                        : insert into country (flag_png,flag_svg,iso2,iso3,name,timezone,id) values (?,?,?,?,?,?,?)

2026-02-17T23:10:15.739+01:00 TRACE 87405 --- [http-nio-8086-exec-4] org.hibernate.orm.jdbc.bind              : binding parameter (1:VARCHAR) <- [https://flagcdn.com/w320/ae.png]

2026-02-17T23:10:15.739+01:00 TRACE 87405 --- [http-nio-8086-exec-4] org.hibernate.orm.jdbc.bind              : binding parameter (2:VARCHAR) <- [https://flagcdn.com/ae.svg]

2026-02-17T23:10:15.739+01:00 TRACE 87405 --- [http-nio-8086-exec-4] org.hibernate.orm.jdbc.bind              : binding parameter (3:VARCHAR) <- [AE]

2026-02-17T23:10:15.739+01:00 TRACE 87405 --- [http-nio-8086-exec-4] org.hibernate.orm.jdbc.bind              : binding parameter (4:VARCHAR) <- [ARE]

2026-02-17T23:10:15.739+01:00 TRACE 87405 --- [http-nio-8086-exec-4] org.hibernate.orm.jdbc.bind              : binding parameter (5:VARCHAR) <- [United Arab Emirates]

2026-02-17T23:10:15.739+01:00 TRACE 87405 --- [http-nio-8086-exec-4] org.hibernate.orm.jdbc.bind              : binding parameter (6:VARCHAR) <- [null]

2026-02-17T23:10:15.739+01:00 TRACE 87405 --- [http-nio-8086-exec-4] org.hibernate.orm.jdbc.bind              : binding parameter (7:UUID) <- [15329b16-a37b-4316-af46-4cd34c450a51]

2026-02-17T23:10:15.739+01:00 DEBUG 87405 --- [http-nio-8086-exec-4] org.hibernate.SQL                        : select c1_0.id,c1_0.flag_png,c1_0.flag_svg,c1_0.iso2,c1_0.iso3,c1_0.name,c1_0.timezone from country c1_0 where c1_0.iso2=?

2026-02-17T23:10:15.739+01:00 TRACE 87405 --- [http-nio-8086-exec-4] org.hibernate.orm.jdbc.bind              : binding parameter (1:VARCHAR) <- [GB]

2026-02-17T23:10:15.740+01:00 DEBUG 87405 --- [http-nio-8086-exec-4] org.hibernate.SQL                        : insert into country (flag_png,flag_svg,iso2,iso3,name,timezone,id) values (?,?,?,?,?,?,?)

2026-02-17T23:10:15.740+01:00 TRACE 87405 --- [http-nio-8086-exec-4] org.hibernate.orm.jdbc.bind              : binding parameter (1:VARCHAR) <- [https://flagcdn.com/w320/gb.png]

2026-02-17T23:10:15.740+01:00 TRACE 87405 --- [http-nio-8086-exec-4] org.hibernate.orm.jdbc.bind              : binding parameter (2:VARCHAR) <- [https://flagcdn.com/gb.svg]

2026-02-17T23:10:15.740+01:00 TRACE 87405 --- [http-nio-8086-exec-4] org.hibernate.orm.jdbc.bind              : binding parameter (3:VARCHAR) <- [GB]

2026-02-17T23:10:15.740+01:00 TRACE 87405 --- [http-nio-8086-exec-4] org.hibernate.orm.jdbc.bind              : binding parameter (4:VARCHAR) <- [GBR]

2026-02-17T23:10:15.740+01:00 TRACE 87405 --- [http-nio-8086-exec-4] org.hibernate.orm.jdbc.bind              : binding parameter (5:VARCHAR) <- [United Kingdom of Great Britain and Northern Ireland]

2026-02-17T23:10:15.740+01:00 TRACE 87405 --- [http-nio-8086-exec-4] org.hibernate.orm.jdbc.bind              : binding parameter (6:VARCHAR) <- [null]

2026-02-17T23:10:15.740+01:00 TRACE 87405 --- [http-nio-8086-exec-4] org.hibernate.orm.jdbc.bind              : binding parameter (7:UUID) <- [cda6d716-947c-48a1-b454-316a6e7a529f]

2026-02-17T23:10:15.740+01:00 DEBUG 87405 --- [http-nio-8086-exec-4] org.hibernate.SQL                        : select c1_0.id,c1_0.flag_png,c1_0.flag_svg,c1_0.iso2,c1_0.iso3,c1_0.name,c1_0.timezone from country c1_0 where c1_0.iso2=?

2026-02-17T23:10:15.740+01:00 TRACE 87405 --- [http-nio-8086-exec-4] org.hibernate.orm.jdbc.bind              : binding parameter (1:VARCHAR) <- [US]

2026-02-17T23:10:15.741+01:00 DEBUG 87405 --- [http-nio-8086-exec-4] org.hibernate.SQL                        : insert into country (flag_png,flag_svg,iso2,iso3,name,timezone,id) values (?,?,?,?,?,?,?)

2026-02-17T23:10:15.741+01:00 TRACE 87405 --- [http-nio-8086-exec-4] org.hibernate.orm.jdbc.bind              : binding parameter (1:VARCHAR) <- [https://flagcdn.com/w320/us.png]

2026-02-17T23:10:15.741+01:00 TRACE 87405 --- [http-nio-8086-exec-4] org.hibernate.orm.jdbc.bind              : binding parameter (2:VARCHAR) <- [https://flagcdn.com/us.svg]

2026-02-17T23:10:15.741+01:00 TRACE 87405 --- [http-nio-8086-exec-4] org.hibernate.orm.jdbc.bind              : binding parameter (3:VARCHAR) <- [US]

2026-02-17T23:10:15.741+01:00 TRACE 87405 --- [http-nio-8086-exec-4] org.hibernate.orm.jdbc.bind              : binding parameter (4:VARCHAR) <- [USA]

2026-02-17T23:10:15.741+01:00 TRACE 87405 --- [http-nio-8086-exec-4] org.hibernate.orm.jdbc.bind              : binding parameter (5:VARCHAR) <- [United States of America]

2026-02-17T23:10:15.741+01:00 TRACE 87405 --- [http-nio-8086-exec-4] org.hibernate.orm.jdbc.bind              : binding parameter (6:VARCHAR) <- [null]

2026-02-17T23:10:15.741+01:00 TRACE 87405 --- [http-nio-8086-exec-4] org.hibernate.orm.jdbc.bind              : binding parameter (7:UUID) <- [6095cbc4-f05b-4dfe-93e7-7c4ad3f6c538]

2026-02-17T23:10:15.741+01:00 DEBUG 87405 --- [http-nio-8086-exec-4] org.hibernate.SQL                        : select c1_0.id,c1_0.flag_png,c1_0.flag_svg,c1_0.iso2,c1_0.iso3,c1_0.name,c1_0.timezone from country c1_0 where c1_0.iso2=?

2026-02-17T23:10:15.741+01:00 TRACE 87405 --- [http-nio-8086-exec-4] org.hibernate.orm.jdbc.bind              : binding parameter (1:VARCHAR) <- [UY]

2026-02-17T23:10:15.742+01:00 DEBUG 87405 --- [http-nio-8086-exec-4] org.hibernate.SQL                        : insert into country (flag_png,flag_svg,iso2,iso3,name,timezone,id) values (?,?,?,?,?,?,?)

2026-02-17T23:10:15.742+01:00 TRACE 87405 --- [http-nio-8086-exec-4] org.hibernate.orm.jdbc.bind              : binding parameter (1:VARCHAR) <- [https://flagcdn.com/w320/uy.png]

2026-02-17T23:10:15.742+01:00 TRACE 87405 --- [http-nio-8086-exec-4] org.hibernate.orm.jdbc.bind              : binding parameter (2:VARCHAR) <- [https://flagcdn.com/uy.svg]

2026-02-17T23:10:15.742+01:00 TRACE 87405 --- [http-nio-8086-exec-4] org.hibernate.orm.jdbc.bind              : binding parameter (3:VARCHAR) <- [UY]

2026-02-17T23:10:15.742+01:00 TRACE 87405 --- [http-nio-8086-exec-4] org.hibernate.orm.jdbc.bind              : binding parameter (4:VARCHAR) <- [URY]

2026-02-17T23:10:15.742+01:00 TRACE 87405 --- [http-nio-8086-exec-4] org.hibernate.orm.jdbc.bind              : binding parameter (5:VARCHAR) <- [Uruguay]

2026-02-17T23:10:15.742+01:00 TRACE 87405 --- [http-nio-8086-exec-4] org.hibernate.orm.jdbc.bind              : binding parameter (6:VARCHAR) <- [null]

2026-02-17T23:10:15.742+01:00 TRACE 87405 --- [http-nio-8086-exec-4] org.hibernate.orm.jdbc.bind              : binding parameter (7:UUID) <- [df1a214f-a2fb-447d-8800-d2b714d4e001]

2026-02-17T23:10:15.742+01:00 DEBUG 87405 --- [http-nio-8086-exec-4] org.hibernate.SQL                        : select c1_0.id,c1_0.flag_png,c1_0.flag_svg,c1_0.iso2,c1_0.iso3,c1_0.name,c1_0.timezone from country c1_0 where c1_0.iso2=?

2026-02-17T23:10:15.742+01:00 TRACE 87405 --- [http-nio-8086-exec-4] org.hibernate.orm.jdbc.bind              : binding parameter (1:VARCHAR) <- [UZ]

2026-02-17T23:10:15.743+01:00 DEBUG 87405 --- [http-nio-8086-exec-4] org.hibernate.SQL                        : insert into country (flag_png,flag_svg,iso2,iso3,name,timezone,id) values (?,?,?,?,?,?,?)

2026-02-17T23:10:15.743+01:00 TRACE 87405 --- [http-nio-8086-exec-4] org.hibernate.orm.jdbc.bind              : binding parameter (1:VARCHAR) <- [https://flagcdn.com/w320/uz.png]

2026-02-17T23:10:15.743+01:00 TRACE 87405 --- [http-nio-8086-exec-4] org.hibernate.orm.jdbc.bind              : binding parameter (2:VARCHAR) <- [https://flagcdn.com/uz.svg]

2026-02-17T23:10:15.743+01:00 TRACE 87405 --- [http-nio-8086-exec-4] org.hibernate.orm.jdbc.bind              : binding parameter (3:VARCHAR) <- [UZ]

2026-02-17T23:10:15.743+01:00 TRACE 87405 --- [http-nio-8086-exec-4] org.hibernate.orm.jdbc.bind              : binding parameter (4:VARCHAR) <- [UZB]

2026-02-17T23:10:15.743+01:00 TRACE 87405 --- [http-nio-8086-exec-4] org.hibernate.orm.jdbc.bind              : binding parameter (5:VARCHAR) <- [Uzbekistan]

2026-02-17T23:10:15.743+01:00 TRACE 87405 --- [http-nio-8086-exec-4] org.hibernate.orm.jdbc.bind              : binding parameter (6:VARCHAR) <- [null]

2026-02-17T23:10:15.743+01:00 TRACE 87405 --- [http-nio-8086-exec-4] org.hibernate.orm.jdbc.bind              : binding parameter (7:UUID) <- [032ed68b-b3a4-4b6d-a477-af49d0a5e9a8]

2026-02-17T23:10:15.743+01:00 DEBUG 87405 --- [http-nio-8086-exec-4] org.hibernate.SQL                        : select c1_0.id,c1_0.flag_png,c1_0.flag_svg,c1_0.iso2,c1_0.iso3,c1_0.name,c1_0.timezone from country c1_0 where c1_0.iso2=?

2026-02-17T23:10:15.743+01:00 TRACE 87405 --- [http-nio-8086-exec-4] org.hibernate.orm.jdbc.bind              : binding parameter (1:VARCHAR) <- [VU]

2026-02-17T23:10:15.743+01:00 DEBUG 87405 --- [http-nio-8086-exec-4] org.hibernate.SQL                        : insert into country (flag_png,flag_svg,iso2,iso3,name,timezone,id) values (?,?,?,?,?,?,?)

2026-02-17T23:10:15.743+01:00 TRACE 87405 --- [http-nio-8086-exec-4] org.hibernate.orm.jdbc.bind              : binding parameter (1:VARCHAR) <- [https://flagcdn.com/w320/vu.png]

2026-02-17T23:10:15.743+01:00 TRACE 87405 --- [http-nio-8086-exec-4] org.hibernate.orm.jdbc.bind              : binding parameter (2:VARCHAR) <- [https://flagcdn.com/vu.svg]

2026-02-17T23:10:15.743+01:00 TRACE 87405 --- [http-nio-8086-exec-4] org.hibernate.orm.jdbc.bind              : binding parameter (3:VARCHAR) <- [VU]

2026-02-17T23:10:15.743+01:00 TRACE 87405 --- [http-nio-8086-exec-4] org.hibernate.orm.jdbc.bind              : binding parameter (4:VARCHAR) <- [VUT]

2026-02-17T23:10:15.743+01:00 TRACE 87405 --- [http-nio-8086-exec-4] org.hibernate.orm.jdbc.bind              : binding parameter (5:VARCHAR) <- [Vanuatu]

2026-02-17T23:10:15.743+01:00 TRACE 87405 --- [http-nio-8086-exec-4] org.hibernate.orm.jdbc.bind              : binding parameter (6:VARCHAR) <- [null]

2026-02-17T23:10:15.743+01:00 TRACE 87405 --- [http-nio-8086-exec-4] org.hibernate.orm.jdbc.bind              : binding parameter (7:UUID) <- [45636003-1922-432a-b0e4-fa254309b4a6]

2026-02-17T23:10:15.744+01:00 DEBUG 87405 --- [http-nio-8086-exec-4] org.hibernate.SQL                        : select c1_0.id,c1_0.flag_png,c1_0.flag_svg,c1_0.iso2,c1_0.iso3,c1_0.name,c1_0.timezone from country c1_0 where c1_0.iso2=?

2026-02-17T23:10:15.744+01:00 TRACE 87405 --- [http-nio-8086-exec-4] org.hibernate.orm.jdbc.bind              : binding parameter (1:VARCHAR) <- [VE]

2026-02-17T23:10:15.744+01:00 DEBUG 87405 --- [http-nio-8086-exec-4] org.hibernate.SQL                        : insert into country (flag_png,flag_svg,iso2,iso3,name,timezone,id) values (?,?,?,?,?,?,?)

2026-02-17T23:10:15.744+01:00 TRACE 87405 --- [http-nio-8086-exec-4] org.hibernate.orm.jdbc.bind              : binding parameter (1:VARCHAR) <- [https://flagcdn.com/w320/ve.png]

2026-02-17T23:10:15.744+01:00 TRACE 87405 --- [http-nio-8086-exec-4] org.hibernate.orm.jdbc.bind              : binding parameter (2:VARCHAR) <- [https://flagcdn.com/ve.svg]

2026-02-17T23:10:15.744+01:00 TRACE 87405 --- [http-nio-8086-exec-4] org.hibernate.orm.jdbc.bind              : binding parameter (3:VARCHAR) <- [VE]

2026-02-17T23:10:15.744+01:00 TRACE 87405 --- [http-nio-8086-exec-4] org.hibernate.orm.jdbc.bind              : binding parameter (4:VARCHAR) <- [VEN]

2026-02-17T23:10:15.744+01:00 TRACE 87405 --- [http-nio-8086-exec-4] org.hibernate.orm.jdbc.bind              : binding parameter (5:VARCHAR) <- [Venezuela (Bolivarian Republic of)]

2026-02-17T23:10:15.744+01:00 TRACE 87405 --- [http-nio-8086-exec-4] org.hibernate.orm.jdbc.bind              : binding parameter (6:VARCHAR) <- [null]

2026-02-17T23:10:15.744+01:00 TRACE 87405 --- [http-nio-8086-exec-4] org.hibernate.orm.jdbc.bind              : binding parameter (7:UUID) <- [9c49ec19-18ea-4ccd-89d7-32d9cb65a1a1]

2026-02-17T23:10:15.745+01:00 DEBUG 87405 --- [http-nio-8086-exec-4] org.hibernate.SQL                        : select c1_0.id,c1_0.flag_png,c1_0.flag_svg,c1_0.iso2,c1_0.iso3,c1_0.name,c1_0.timezone from country c1_0 where c1_0.iso2=?

2026-02-17T23:10:15.745+01:00 TRACE 87405 --- [http-nio-8086-exec-4] org.hibernate.orm.jdbc.bind              : binding parameter (1:VARCHAR) <- [VN]

2026-02-17T23:10:15.745+01:00 DEBUG 87405 --- [http-nio-8086-exec-4] org.hibernate.SQL                        : insert into country (flag_png,flag_svg,iso2,iso3,name,timezone,id) values (?,?,?,?,?,?,?)

2026-02-17T23:10:15.745+01:00 TRACE 87405 --- [http-nio-8086-exec-4] org.hibernate.orm.jdbc.bind              : binding parameter (1:VARCHAR) <- [https://flagcdn.com/w320/vn.png]

2026-02-17T23:10:15.745+01:00 TRACE 87405 --- [http-nio-8086-exec-4] org.hibernate.orm.jdbc.bind              : binding parameter (2:VARCHAR) <- [https://flagcdn.com/vn.svg]

2026-02-17T23:10:15.745+01:00 TRACE 87405 --- [http-nio-8086-exec-4] org.hibernate.orm.jdbc.bind              : binding parameter (3:VARCHAR) <- [VN]

2026-02-17T23:10:15.745+01:00 TRACE 87405 --- [http-nio-8086-exec-4] org.hibernate.orm.jdbc.bind              : binding parameter (4:VARCHAR) <- [VNM]

2026-02-17T23:10:15.745+01:00 TRACE 87405 --- [http-nio-8086-exec-4] org.hibernate.orm.jdbc.bind              : binding parameter (5:VARCHAR) <- [Vietnam]

2026-02-17T23:10:15.745+01:00 TRACE 87405 --- [http-nio-8086-exec-4] org.hibernate.orm.jdbc.bind              : binding parameter (6:VARCHAR) <- [null]

2026-02-17T23:10:15.745+01:00 TRACE 87405 --- [http-nio-8086-exec-4] org.hibernate.orm.jdbc.bind              : binding parameter (7:UUID) <- [fece55a0-2bc2-4575-9568-75df9d9aa92e]

2026-02-17T23:10:15.746+01:00 DEBUG 87405 --- [http-nio-8086-exec-4] org.hibernate.SQL                        : select c1_0.id,c1_0.flag_png,c1_0.flag_svg,c1_0.iso2,c1_0.iso3,c1_0.name,c1_0.timezone from country c1_0 where c1_0.iso2=?

2026-02-17T23:10:15.746+01:00 TRACE 87405 --- [http-nio-8086-exec-4] org.hibernate.orm.jdbc.bind              : binding parameter (1:VARCHAR) <- [WF]

2026-02-17T23:10:15.746+01:00 DEBUG 87405 --- [http-nio-8086-exec-4] org.hibernate.SQL                        : insert into country (flag_png,flag_svg,iso2,iso3,name,timezone,id) values (?,?,?,?,?,?,?)

2026-02-17T23:10:15.746+01:00 TRACE 87405 --- [http-nio-8086-exec-4] org.hibernate.orm.jdbc.bind              : binding parameter (1:VARCHAR) <- [https://flagcdn.com/w320/wf.png]

2026-02-17T23:10:15.746+01:00 TRACE 87405 --- [http-nio-8086-exec-4] org.hibernate.orm.jdbc.bind              : binding parameter (2:VARCHAR) <- [https://flagcdn.com/wf.svg]

2026-02-17T23:10:15.746+01:00 TRACE 87405 --- [http-nio-8086-exec-4] org.hibernate.orm.jdbc.bind              : binding parameter (3:VARCHAR) <- [WF]

2026-02-17T23:10:15.746+01:00 TRACE 87405 --- [http-nio-8086-exec-4] org.hibernate.orm.jdbc.bind              : binding parameter (4:VARCHAR) <- [WLF]

2026-02-17T23:10:15.746+01:00 TRACE 87405 --- [http-nio-8086-exec-4] org.hibernate.orm.jdbc.bind              : binding parameter (5:VARCHAR) <- [Wallis and Futuna]

2026-02-17T23:10:15.746+01:00 TRACE 87405 --- [http-nio-8086-exec-4] org.hibernate.orm.jdbc.bind              : binding parameter (6:VARCHAR) <- [null]

2026-02-17T23:10:15.746+01:00 TRACE 87405 --- [http-nio-8086-exec-4] org.hibernate.orm.jdbc.bind              : binding parameter (7:UUID) <- [4620da76-36eb-411e-93c9-042fdf841021]

2026-02-17T23:10:15.746+01:00 DEBUG 87405 --- [http-nio-8086-exec-4] org.hibernate.SQL                        : select c1_0.id,c1_0.flag_png,c1_0.flag_svg,c1_0.iso2,c1_0.iso3,c1_0.name,c1_0.timezone from country c1_0 where c1_0.iso2=?

2026-02-17T23:10:15.746+01:00 TRACE 87405 --- [http-nio-8086-exec-4] org.hibernate.orm.jdbc.bind              : binding parameter (1:VARCHAR) <- [EH]

2026-02-17T23:10:15.747+01:00 DEBUG 87405 --- [http-nio-8086-exec-4] org.hibernate.SQL                        : insert into country (flag_png,flag_svg,iso2,iso3,name,timezone,id) values (?,?,?,?,?,?,?)

2026-02-17T23:10:15.747+01:00 TRACE 87405 --- [http-nio-8086-exec-4] org.hibernate.orm.jdbc.bind              : binding parameter (1:VARCHAR) <- [https://flagcdn.com/w320/eh.png]

2026-02-17T23:10:15.747+01:00 TRACE 87405 --- [http-nio-8086-exec-4] org.hibernate.orm.jdbc.bind              : binding parameter (2:VARCHAR) <- [https://flagcdn.com/eh.svg]

2026-02-17T23:10:15.747+01:00 TRACE 87405 --- [http-nio-8086-exec-4] org.hibernate.orm.jdbc.bind              : binding parameter (3:VARCHAR) <- [EH]

2026-02-17T23:10:15.747+01:00 TRACE 87405 --- [http-nio-8086-exec-4] org.hibernate.orm.jdbc.bind              : binding parameter (4:VARCHAR) <- [ESH]

2026-02-17T23:10:15.747+01:00 TRACE 87405 --- [http-nio-8086-exec-4] org.hibernate.orm.jdbc.bind              : binding parameter (5:VARCHAR) <- [Western Sahara]

2026-02-17T23:10:15.747+01:00 TRACE 87405 --- [http-nio-8086-exec-4] org.hibernate.orm.jdbc.bind              : binding parameter (6:VARCHAR) <- [null]

2026-02-17T23:10:15.747+01:00 TRACE 87405 --- [http-nio-8086-exec-4] org.hibernate.orm.jdbc.bind              : binding parameter (7:UUID) <- [40f7976a-8cde-4a8b-8953-795dd6cfd6af]

2026-02-17T23:10:15.747+01:00 DEBUG 87405 --- [http-nio-8086-exec-4] org.hibernate.SQL                        : select c1_0.id,c1_0.flag_png,c1_0.flag_svg,c1_0.iso2,c1_0.iso3,c1_0.name,c1_0.timezone from country c1_0 where c1_0.iso2=?

2026-02-17T23:10:15.747+01:00 TRACE 87405 --- [http-nio-8086-exec-4] org.hibernate.orm.jdbc.bind              : binding parameter (1:VARCHAR) <- [YE]

2026-02-17T23:10:15.748+01:00 DEBUG 87405 --- [http-nio-8086-exec-4] org.hibernate.SQL                        : insert into country (flag_png,flag_svg,iso2,iso3,name,timezone,id) values (?,?,?,?,?,?,?)

2026-02-17T23:10:15.748+01:00 TRACE 87405 --- [http-nio-8086-exec-4] org.hibernate.orm.jdbc.bind              : binding parameter (1:VARCHAR) <- [https://flagcdn.com/w320/ye.png]

2026-02-17T23:10:15.748+01:00 TRACE 87405 --- [http-nio-8086-exec-4] org.hibernate.orm.jdbc.bind              : binding parameter (2:VARCHAR) <- [https://flagcdn.com/ye.svg]

2026-02-17T23:10:15.748+01:00 TRACE 87405 --- [http-nio-8086-exec-4] org.hibernate.orm.jdbc.bind              : binding parameter (3:VARCHAR) <- [YE]

2026-02-17T23:10:15.748+01:00 TRACE 87405 --- [http-nio-8086-exec-4] org.hibernate.orm.jdbc.bind              : binding parameter (4:VARCHAR) <- [YEM]

2026-02-17T23:10:15.748+01:00 TRACE 87405 --- [http-nio-8086-exec-4] org.hibernate.orm.jdbc.bind              : binding parameter (5:VARCHAR) <- [Yemen]

2026-02-17T23:10:15.748+01:00 TRACE 87405 --- [http-nio-8086-exec-4] org.hibernate.orm.jdbc.bind              : binding parameter (6:VARCHAR) <- [null]

2026-02-17T23:10:15.748+01:00 TRACE 87405 --- [http-nio-8086-exec-4] org.hibernate.orm.jdbc.bind              : binding parameter (7:UUID) <- [aea75624-d2d4-43cb-9d90-af81d11bcbac]

2026-02-17T23:10:15.748+01:00 DEBUG 87405 --- [http-nio-8086-exec-4] org.hibernate.SQL                        : select c1_0.id,c1_0.flag_png,c1_0.flag_svg,c1_0.iso2,c1_0.iso3,c1_0.name,c1_0.timezone from country c1_0 where c1_0.iso2=?

2026-02-17T23:10:15.748+01:00 TRACE 87405 --- [http-nio-8086-exec-4] org.hibernate.orm.jdbc.bind              : binding parameter (1:VARCHAR) <- [ZM]

2026-02-17T23:10:15.749+01:00 DEBUG 87405 --- [http-nio-8086-exec-4] org.hibernate.SQL                        : insert into country (flag_png,flag_svg,iso2,iso3,name,timezone,id) values (?,?,?,?,?,?,?)

2026-02-17T23:10:15.749+01:00 TRACE 87405 --- [http-nio-8086-exec-4] org.hibernate.orm.jdbc.bind              : binding parameter (1:VARCHAR) <- [https://flagcdn.com/w320/zm.png]

2026-02-17T23:10:15.749+01:00 TRACE 87405 --- [http-nio-8086-exec-4] org.hibernate.orm.jdbc.bind              : binding parameter (2:VARCHAR) <- [https://flagcdn.com/zm.svg]

2026-02-17T23:10:15.749+01:00 TRACE 87405 --- [http-nio-8086-exec-4] org.hibernate.orm.jdbc.bind              : binding parameter (3:VARCHAR) <- [ZM]

2026-02-17T23:10:15.749+01:00 TRACE 87405 --- [http-nio-8086-exec-4] org.hibernate.orm.jdbc.bind              : binding parameter (4:VARCHAR) <- [ZMB]

2026-02-17T23:10:15.749+01:00 TRACE 87405 --- [http-nio-8086-exec-4] org.hibernate.orm.jdbc.bind              : binding parameter (5:VARCHAR) <- [Zambia]

2026-02-17T23:10:15.749+01:00 TRACE 87405 --- [http-nio-8086-exec-4] org.hibernate.orm.jdbc.bind              : binding parameter (6:VARCHAR) <- [null]

2026-02-17T23:10:15.749+01:00 TRACE 87405 --- [http-nio-8086-exec-4] org.hibernate.orm.jdbc.bind              : binding parameter (7:UUID) <- [65474c96-139d-41a5-b36c-328f309604ca]

2026-02-17T23:10:15.749+01:00 DEBUG 87405 --- [http-nio-8086-exec-4] org.hibernate.SQL                        : select c1_0.id,c1_0.flag_png,c1_0.flag_svg,c1_0.iso2,c1_0.iso3,c1_0.name,c1_0.timezone from country c1_0 where c1_0.iso2=?

2026-02-17T23:10:15.749+01:00 TRACE 87405 --- [http-nio-8086-exec-4] org.hibernate.orm.jdbc.bind              : binding parameter (1:VARCHAR) <- [ZW]

2026-02-17T23:10:15.750+01:00 DEBUG 87405 --- [http-nio-8086-exec-4] org.hibernate.SQL                        : insert into country (flag_png,flag_svg,iso2,iso3,name,timezone,id) values (?,?,?,?,?,?,?)

2026-02-17T23:10:15.750+01:00 TRACE 87405 --- [http-nio-8086-exec-4] org.hibernate.orm.jdbc.bind              : binding parameter (1:VARCHAR) <- [https://flagcdn.com/w320/zw.png]

2026-02-17T23:10:15.750+01:00 TRACE 87405 --- [http-nio-8086-exec-4] org.hibernate.orm.jdbc.bind              : binding parameter (2:VARCHAR) <- [https://flagcdn.com/zw.svg]

2026-02-17T23:10:15.750+01:00 TRACE 87405 --- [http-nio-8086-exec-4] org.hibernate.orm.jdbc.bind              : binding parameter (3:VARCHAR) <- [ZW]

2026-02-17T23:10:15.750+01:00 TRACE 87405 --- [http-nio-8086-exec-4] org.hibernate.orm.jdbc.bind              : binding parameter (4:VARCHAR) <- [ZWE]

2026-02-17T23:10:15.750+01:00 TRACE 87405 --- [http-nio-8086-exec-4] org.hibernate.orm.jdbc.bind              : binding parameter (5:VARCHAR) <- [Zimbabwe]

2026-02-17T23:10:15.750+01:00 TRACE 87405 --- [http-nio-8086-exec-4] org.hibernate.orm.jdbc.bind              : binding parameter (6:VARCHAR) <- [null]

2026-02-17T23:10:15.750+01:00 TRACE 87405 --- [http-nio-8086-exec-4] org.hibernate.orm.jdbc.bind              : binding parameter (7:UUID) <- [dd677884-b632-48d4-9e80-bb0edf336883]

2026-02-17T23:10:15.757+01:00 DEBUG 87405 --- [http-nio-8086-exec-4] o.s.w.s.m.m.a.HttpEntityMethodProcessor  : Using 'text/plain', given [*/*] and supported [text/plain, */*, application/json, application/*+json]

2026-02-17T23:10:15.757+01:00 DEBUG 87405 --- [http-nio-8086-exec-4] o.s.w.s.m.m.a.HttpEntityMethodProcessor  : Writing ["Countries seeded successfully"]

2026-02-17T23:10:15.758+01:00 DEBUG 87405 --- [http-nio-8086-exec-4] o.s.web.servlet.DispatcherServlet        : Completed 200 OK

